[2015-10-27 15:02:53] local.ERROR: exception 'ReflectionException' with message 'Class tablePeserta does not exist' in D:\xampp\htdocs\absence\vendor\laravel\framework\src\Illuminate\Container\Container.php:737
Stack trace:
#0 D:\xampp\htdocs\absence\vendor\laravel\framework\src\Illuminate\Container\Container.php(737): ReflectionClass->__construct('tablePeserta')
#1 D:\xampp\htdocs\absence\vendor\laravel\framework\src\Illuminate\Container\Container.php(627): Illuminate\Container\Container->build('tablePeserta', Array)
#2 D:\xampp\htdocs\absence\vendor\laravel\framework\src\Illuminate\Foundation\Application.php(674): Illuminate\Container\Container->make('tablePeserta', Array)
#3 D:\xampp\htdocs\absence\vendor\laravel\framework\src\Illuminate\Database\Seeder.php(58): Illuminate\Foundation\Application->make('tablePeserta')
#4 D:\xampp\htdocs\absence\vendor\laravel\framework\src\Illuminate\Database\Seeder.php(42): Illuminate\Database\Seeder->resolve('tablePeserta')
#5 D:\xampp\htdocs\absence\database\seeds\DatabaseSeeder.php(17): Illuminate\Database\Seeder->call('tablePeserta')
#6 D:\xampp\htdocs\absence\vendor\laravel\framework\src\Illuminate\Database\Console\Seeds\SeedCommand.php(61): DatabaseSeeder->run()
#7 [internal function]: Illuminate\Database\Console\Seeds\SeedCommand->fire()
#8 D:\xampp\htdocs\absence\vendor\laravel\framework\src\Illuminate\Container\Container.php(503): call_user_func_array(Array, Array)
#9 D:\xampp\htdocs\absence\vendor\laravel\framework\src\Illuminate\Console\Command.php(150): Illuminate\Container\Container->call(Array)
#10 D:\xampp\htdocs\absence\vendor\symfony\console\Command\Command.php(259): Illuminate\Console\Command->execute(Object(Symfony\Component\Console\Input\ArgvInput), Object(Symfony\Component\Console\Output\ConsoleOutput))
#11 D:\xampp\htdocs\absence\vendor\laravel\framework\src\Illuminate\Console\Command.php(136): Symfony\Component\Console\Command\Command->run(Object(Symfony\Component\Console\Input\ArgvInput), Object(Symfony\Component\Console\Output\ConsoleOutput))
#12 D:\xampp\htdocs\absence\vendor\symfony\console\Application.php(878): Illuminate\Console\Command->run(Object(Symfony\Component\Console\Input\ArgvInput), Object(Symfony\Component\Console\Output\ConsoleOutput))
#13 D:\xampp\htdocs\absence\vendor\symfony\console\Application.php(195): Symfony\Component\Console\Application->doRunCommand(Object(Illuminate\Database\Console\Seeds\SeedCommand), Object(Symfony\Component\Console\Input\ArgvInput), Object(Symfony\Component\Console\Output\ConsoleOutput))
#14 D:\xampp\htdocs\absence\vendor\symfony\console\Application.php(126): Symfony\Component\Console\Application->doRun(Object(Symfony\Component\Console\Input\ArgvInput), Object(Symfony\Component\Console\Output\ConsoleOutput))
#15 D:\xampp\htdocs\absence\vendor\laravel\framework\src\Illuminate\Foundation\Console\Kernel.php(107): Symfony\Component\Console\Application->run(Object(Symfony\Component\Console\Input\ArgvInput), Object(Symfony\Component\Console\Output\ConsoleOutput))
#16 D:\xampp\htdocs\absence\artisan(36): Illuminate\Foundation\Console\Kernel->handle(Object(Symfony\Component\Console\Input\ArgvInput), Object(Symfony\Component\Console\Output\ConsoleOutput))
#17 {main}  
[2015-10-27 15:03:37] local.ERROR: exception 'RuntimeException' with message 'Not enough arguments.' in D:\xampp\htdocs\absence\vendor\symfony\console\Input\Input.php:77
Stack trace:
#0 D:\xampp\htdocs\absence\vendor\symfony\console\Command\Command.php(254): Symfony\Component\Console\Input\Input->validate()
#1 D:\xampp\htdocs\absence\vendor\laravel\framework\src\Illuminate\Console\Command.php(136): Symfony\Component\Console\Command\Command->run(Object(Symfony\Component\Console\Input\ArgvInput), Object(Symfony\Component\Console\Output\ConsoleOutput))
#2 D:\xampp\htdocs\absence\vendor\symfony\console\Application.php(878): Illuminate\Console\Command->run(Object(Symfony\Component\Console\Input\ArgvInput), Object(Symfony\Component\Console\Output\ConsoleOutput))
#3 D:\xampp\htdocs\absence\vendor\symfony\console\Application.php(195): Symfony\Component\Console\Application->doRunCommand(Object(Illuminate\Database\Console\Seeds\SeederMakeCommand), Object(Symfony\Component\Console\Input\ArgvInput), Object(Symfony\Component\Console\Output\ConsoleOutput))
#4 D:\xampp\htdocs\absence\vendor\symfony\console\Application.php(126): Symfony\Component\Console\Application->doRun(Object(Symfony\Component\Console\Input\ArgvInput), Object(Symfony\Component\Console\Output\ConsoleOutput))
#5 D:\xampp\htdocs\absence\vendor\laravel\framework\src\Illuminate\Foundation\Console\Kernel.php(107): Symfony\Component\Console\Application->run(Object(Symfony\Component\Console\Input\ArgvInput), Object(Symfony\Component\Console\Output\ConsoleOutput))
#6 D:\xampp\htdocs\absence\artisan(36): Illuminate\Foundation\Console\Kernel->handle(Object(Symfony\Component\Console\Input\ArgvInput), Object(Symfony\Component\Console\Output\ConsoleOutput))
#7 {main}  
[2015-10-27 15:18:45] local.ERROR: exception 'ReflectionException' with message 'Class App\Http\Controllers\peserta does not exist' in D:\xampp\htdocs\absence\vendor\laravel\framework\src\Illuminate\Container\Container.php:737
Stack trace:
#0 D:\xampp\htdocs\absence\vendor\laravel\framework\src\Illuminate\Container\Container.php(737): ReflectionClass->__construct('App\\Http\\Contro...')
#1 D:\xampp\htdocs\absence\vendor\laravel\framework\src\Illuminate\Container\Container.php(627): Illuminate\Container\Container->build('App\\Http\\Contro...', Array)
#2 D:\xampp\htdocs\absence\vendor\laravel\framework\src\Illuminate\Foundation\Application.php(674): Illuminate\Container\Container->make('App\\Http\\Contro...', Array)
#3 D:\xampp\htdocs\absence\vendor\laravel\framework\src\Illuminate\Foundation\Console\RouteListCommand.php(170): Illuminate\Foundation\Application->make('App\\Http\\Contro...')
#4 D:\xampp\htdocs\absence\vendor\laravel\framework\src\Illuminate\Foundation\Console\RouteListCommand.php(151): Illuminate\Foundation\Console\RouteListCommand->getControllerMiddleware('App\\Http\\Contro...')
#5 D:\xampp\htdocs\absence\vendor\laravel\framework\src\Illuminate\Foundation\Console\RouteListCommand.php(119): Illuminate\Foundation\Console\RouteListCommand->getMiddleware(Object(Illuminate\Routing\Route))
#6 D:\xampp\htdocs\absence\vendor\laravel\framework\src\Illuminate\Foundation\Console\RouteListCommand.php(89): Illuminate\Foundation\Console\RouteListCommand->getRouteInformation(Object(Illuminate\Routing\Route))
#7 D:\xampp\htdocs\absence\vendor\laravel\framework\src\Illuminate\Foundation\Console\RouteListCommand.php(76): Illuminate\Foundation\Console\RouteListCommand->getRoutes()
#8 [internal function]: Illuminate\Foundation\Console\RouteListCommand->fire()
#9 D:\xampp\htdocs\absence\vendor\laravel\framework\src\Illuminate\Container\Container.php(503): call_user_func_array(Array, Array)
#10 D:\xampp\htdocs\absence\vendor\laravel\framework\src\Illuminate\Console\Command.php(150): Illuminate\Container\Container->call(Array)
#11 D:\xampp\htdocs\absence\vendor\symfony\console\Command\Command.php(259): Illuminate\Console\Command->execute(Object(Symfony\Component\Console\Input\ArgvInput), Object(Symfony\Component\Console\Output\ConsoleOutput))
#12 D:\xampp\htdocs\absence\vendor\laravel\framework\src\Illuminate\Console\Command.php(136): Symfony\Component\Console\Command\Command->run(Object(Symfony\Component\Console\Input\ArgvInput), Object(Symfony\Component\Console\Output\ConsoleOutput))
#13 D:\xampp\htdocs\absence\vendor\symfony\console\Application.php(878): Illuminate\Console\Command->run(Object(Symfony\Component\Console\Input\ArgvInput), Object(Symfony\Component\Console\Output\ConsoleOutput))
#14 D:\xampp\htdocs\absence\vendor\symfony\console\Application.php(195): Symfony\Component\Console\Application->doRunCommand(Object(Illuminate\Foundation\Console\RouteListCommand), Object(Symfony\Component\Console\Input\ArgvInput), Object(Symfony\Component\Console\Output\ConsoleOutput))
#15 D:\xampp\htdocs\absence\vendor\symfony\console\Application.php(126): Symfony\Component\Console\Application->doRun(Object(Symfony\Component\Console\Input\ArgvInput), Object(Symfony\Component\Console\Output\ConsoleOutput))
#16 D:\xampp\htdocs\absence\vendor\laravel\framework\src\Illuminate\Foundation\Console\Kernel.php(107): Symfony\Component\Console\Application->run(Object(Symfony\Component\Console\Input\ArgvInput), Object(Symfony\Component\Console\Output\ConsoleOutput))
#17 D:\xampp\htdocs\absence\artisan(36): Illuminate\Foundation\Console\Kernel->handle(Object(Symfony\Component\Console\Input\ArgvInput), Object(Symfony\Component\Console\Output\ConsoleOutput))
#18 {main}  
[2015-10-27 15:18:57] local.ERROR: exception 'ReflectionException' with message 'Class App\Http\Controllers\admin/peserta does not exist' in D:\xampp\htdocs\absence\vendor\laravel\framework\src\Illuminate\Container\Container.php:737
Stack trace:
#0 D:\xampp\htdocs\absence\vendor\laravel\framework\src\Illuminate\Container\Container.php(737): ReflectionClass->__construct('App\\Http\\Contro...')
#1 D:\xampp\htdocs\absence\vendor\laravel\framework\src\Illuminate\Container\Container.php(627): Illuminate\Container\Container->build('App\\Http\\Contro...', Array)
#2 D:\xampp\htdocs\absence\vendor\laravel\framework\src\Illuminate\Foundation\Application.php(674): Illuminate\Container\Container->make('App\\Http\\Contro...', Array)
#3 D:\xampp\htdocs\absence\vendor\laravel\framework\src\Illuminate\Foundation\Console\RouteListCommand.php(170): Illuminate\Foundation\Application->make('App\\Http\\Contro...')
#4 D:\xampp\htdocs\absence\vendor\laravel\framework\src\Illuminate\Foundation\Console\RouteListCommand.php(151): Illuminate\Foundation\Console\RouteListCommand->getControllerMiddleware('App\\Http\\Contro...')
#5 D:\xampp\htdocs\absence\vendor\laravel\framework\src\Illuminate\Foundation\Console\RouteListCommand.php(119): Illuminate\Foundation\Console\RouteListCommand->getMiddleware(Object(Illuminate\Routing\Route))
#6 D:\xampp\htdocs\absence\vendor\laravel\framework\src\Illuminate\Foundation\Console\RouteListCommand.php(89): Illuminate\Foundation\Console\RouteListCommand->getRouteInformation(Object(Illuminate\Routing\Route))
#7 D:\xampp\htdocs\absence\vendor\laravel\framework\src\Illuminate\Foundation\Console\RouteListCommand.php(76): Illuminate\Foundation\Console\RouteListCommand->getRoutes()
#8 [internal function]: Illuminate\Foundation\Console\RouteListCommand->fire()
#9 D:\xampp\htdocs\absence\vendor\laravel\framework\src\Illuminate\Container\Container.php(503): call_user_func_array(Array, Array)
#10 D:\xampp\htdocs\absence\vendor\laravel\framework\src\Illuminate\Console\Command.php(150): Illuminate\Container\Container->call(Array)
#11 D:\xampp\htdocs\absence\vendor\symfony\console\Command\Command.php(259): Illuminate\Console\Command->execute(Object(Symfony\Component\Console\Input\ArgvInput), Object(Symfony\Component\Console\Output\ConsoleOutput))
#12 D:\xampp\htdocs\absence\vendor\laravel\framework\src\Illuminate\Console\Command.php(136): Symfony\Component\Console\Command\Command->run(Object(Symfony\Component\Console\Input\ArgvInput), Object(Symfony\Component\Console\Output\ConsoleOutput))
#13 D:\xampp\htdocs\absence\vendor\symfony\console\Application.php(878): Illuminate\Console\Command->run(Object(Symfony\Component\Console\Input\ArgvInput), Object(Symfony\Component\Console\Output\ConsoleOutput))
#14 D:\xampp\htdocs\absence\vendor\symfony\console\Application.php(195): Symfony\Component\Console\Application->doRunCommand(Object(Illuminate\Foundation\Console\RouteListCommand), Object(Symfony\Component\Console\Input\ArgvInput), Object(Symfony\Component\Console\Output\ConsoleOutput))
#15 D:\xampp\htdocs\absence\vendor\symfony\console\Application.php(126): Symfony\Component\Console\Application->doRun(Object(Symfony\Component\Console\Input\ArgvInput), Object(Symfony\Component\Console\Output\ConsoleOutput))
#16 D:\xampp\htdocs\absence\vendor\laravel\framework\src\Illuminate\Foundation\Console\Kernel.php(107): Symfony\Component\Console\Application->run(Object(Symfony\Component\Console\Input\ArgvInput), Object(Symfony\Component\Console\Output\ConsoleOutput))
#17 D:\xampp\htdocs\absence\artisan(36): Illuminate\Foundation\Console\Kernel->handle(Object(Symfony\Component\Console\Input\ArgvInput), Object(Symfony\Component\Console\Output\ConsoleOutput))
#18 {main}  
[2015-10-27 15:19:16] local.ERROR: exception 'ReflectionException' with message 'Class App\Http\Controllers\peserta does not exist' in D:\xampp\htdocs\absence\vendor\laravel\framework\src\Illuminate\Container\Container.php:737
Stack trace:
#0 D:\xampp\htdocs\absence\vendor\laravel\framework\src\Illuminate\Container\Container.php(737): ReflectionClass->__construct('App\\Http\\Contro...')
#1 D:\xampp\htdocs\absence\vendor\laravel\framework\src\Illuminate\Container\Container.php(627): Illuminate\Container\Container->build('App\\Http\\Contro...', Array)
#2 D:\xampp\htdocs\absence\vendor\laravel\framework\src\Illuminate\Foundation\Application.php(674): Illuminate\Container\Container->make('App\\Http\\Contro...', Array)
#3 D:\xampp\htdocs\absence\vendor\laravel\framework\src\Illuminate\Foundation\Console\RouteListCommand.php(170): Illuminate\Foundation\Application->make('App\\Http\\Contro...')
#4 D:\xampp\htdocs\absence\vendor\laravel\framework\src\Illuminate\Foundation\Console\RouteListCommand.php(151): Illuminate\Foundation\Console\RouteListCommand->getControllerMiddleware('App\\Http\\Contro...')
#5 D:\xampp\htdocs\absence\vendor\laravel\framework\src\Illuminate\Foundation\Console\RouteListCommand.php(119): Illuminate\Foundation\Console\RouteListCommand->getMiddleware(Object(Illuminate\Routing\Route))
#6 D:\xampp\htdocs\absence\vendor\laravel\framework\src\Illuminate\Foundation\Console\RouteListCommand.php(89): Illuminate\Foundation\Console\RouteListCommand->getRouteInformation(Object(Illuminate\Routing\Route))
#7 D:\xampp\htdocs\absence\vendor\laravel\framework\src\Illuminate\Foundation\Console\RouteListCommand.php(76): Illuminate\Foundation\Console\RouteListCommand->getRoutes()
#8 [internal function]: Illuminate\Foundation\Console\RouteListCommand->fire()
#9 D:\xampp\htdocs\absence\vendor\laravel\framework\src\Illuminate\Container\Container.php(503): call_user_func_array(Array, Array)
#10 D:\xampp\htdocs\absence\vendor\laravel\framework\src\Illuminate\Console\Command.php(150): Illuminate\Container\Container->call(Array)
#11 D:\xampp\htdocs\absence\vendor\symfony\console\Command\Command.php(259): Illuminate\Console\Command->execute(Object(Symfony\Component\Console\Input\ArgvInput), Object(Symfony\Component\Console\Output\ConsoleOutput))
#12 D:\xampp\htdocs\absence\vendor\laravel\framework\src\Illuminate\Console\Command.php(136): Symfony\Component\Console\Command\Command->run(Object(Symfony\Component\Console\Input\ArgvInput), Object(Symfony\Component\Console\Output\ConsoleOutput))
#13 D:\xampp\htdocs\absence\vendor\symfony\console\Application.php(878): Illuminate\Console\Command->run(Object(Symfony\Component\Console\Input\ArgvInput), Object(Symfony\Component\Console\Output\ConsoleOutput))
#14 D:\xampp\htdocs\absence\vendor\symfony\console\Application.php(195): Symfony\Component\Console\Application->doRunCommand(Object(Illuminate\Foundation\Console\RouteListCommand), Object(Symfony\Component\Console\Input\ArgvInput), Object(Symfony\Component\Console\Output\ConsoleOutput))
#15 D:\xampp\htdocs\absence\vendor\symfony\console\Application.php(126): Symfony\Component\Console\Application->doRun(Object(Symfony\Component\Console\Input\ArgvInput), Object(Symfony\Component\Console\Output\ConsoleOutput))
#16 D:\xampp\htdocs\absence\vendor\laravel\framework\src\Illuminate\Foundation\Console\Kernel.php(107): Symfony\Component\Console\Application->run(Object(Symfony\Component\Console\Input\ArgvInput), Object(Symfony\Component\Console\Output\ConsoleOutput))
#17 D:\xampp\htdocs\absence\artisan(36): Illuminate\Foundation\Console\Kernel->handle(Object(Symfony\Component\Console\Input\ArgvInput), Object(Symfony\Component\Console\Output\ConsoleOutput))
#18 {main}  
[2015-10-27 15:24:17] local.ERROR: exception 'Symfony\Component\Debug\Exception\FatalErrorException' with message 'syntax error, unexpected 'all' (T_STRING), expecting variable (T_VARIABLE) or '$'' in D:\xampp\htdocs\absence\app\Http\Controllers\admin\peserta.php:19
Stack trace:
#0 {main}  
[2015-10-27 15:24:41] local.ERROR: exception 'Symfony\Component\Debug\Exception\FatalErrorException' with message 'syntax error, unexpected 'all' (T_STRING), expecting variable (T_VARIABLE) or '$'' in D:\xampp\htdocs\absence\app\Http\Controllers\admin\peserta.php:19
Stack trace:
#0 {main}  
[2015-10-27 15:24:42] local.ERROR: exception 'Symfony\Component\Debug\Exception\FatalErrorException' with message 'syntax error, unexpected 'all' (T_STRING), expecting variable (T_VARIABLE) or '$'' in D:\xampp\htdocs\absence\app\Http\Controllers\admin\peserta.php:19
Stack trace:
#0 {main}  
[2015-10-27 15:24:42] local.ERROR: exception 'Symfony\Component\Debug\Exception\FatalErrorException' with message 'syntax error, unexpected 'all' (T_STRING), expecting variable (T_VARIABLE) or '$'' in D:\xampp\htdocs\absence\app\Http\Controllers\admin\peserta.php:19
Stack trace:
#0 {main}  
[2015-10-27 15:24:43] local.ERROR: exception 'Symfony\Component\Debug\Exception\FatalErrorException' with message 'syntax error, unexpected 'all' (T_STRING), expecting variable (T_VARIABLE) or '$'' in D:\xampp\htdocs\absence\app\Http\Controllers\admin\peserta.php:19
Stack trace:
#0 {main}  
[2015-10-27 15:24:43] local.ERROR: exception 'Symfony\Component\Debug\Exception\FatalErrorException' with message 'syntax error, unexpected 'all' (T_STRING), expecting variable (T_VARIABLE) or '$'' in D:\xampp\htdocs\absence\app\Http\Controllers\admin\peserta.php:19
Stack trace:
#0 {main}  
[2015-10-27 15:25:07] local.ERROR: exception 'Symfony\Component\Debug\Exception\FatalErrorException' with message 'syntax error, unexpected 'all' (T_STRING), expecting variable (T_VARIABLE) or '$'' in D:\xampp\htdocs\absence\app\Http\Controllers\admin\peserta.php:19
Stack trace:
#0 {main}  
[2015-10-27 15:25:08] local.ERROR: exception 'Symfony\Component\Debug\Exception\FatalErrorException' with message 'syntax error, unexpected 'all' (T_STRING), expecting variable (T_VARIABLE) or '$'' in D:\xampp\htdocs\absence\app\Http\Controllers\admin\peserta.php:19
Stack trace:
#0 {main}  
[2015-10-27 15:25:08] local.ERROR: exception 'Symfony\Component\Debug\Exception\FatalErrorException' with message 'syntax error, unexpected 'all' (T_STRING), expecting variable (T_VARIABLE) or '$'' in D:\xampp\htdocs\absence\app\Http\Controllers\admin\peserta.php:19
Stack trace:
#0 {main}  
[2015-10-27 15:25:13] local.ERROR: exception 'Symfony\Component\Debug\Exception\FatalErrorException' with message 'syntax error, unexpected '->' (T_OBJECT_OPERATOR)' in D:\xampp\htdocs\absence\app\Http\Controllers\admin\peserta.php:19
Stack trace:
#0 {main}  
[2015-10-27 15:25:22] local.ERROR: exception 'Symfony\Component\Debug\Exception\FatalErrorException' with message 'syntax error, unexpected '->' (T_OBJECT_OPERATOR)' in D:\xampp\htdocs\absence\app\Http\Controllers\admin\peserta.php:19
Stack trace:
#0 {main}  
[2015-10-27 15:25:29] local.ERROR: exception 'Symfony\Component\Debug\Exception\FatalErrorException' with message 'syntax error, unexpected '->' (T_OBJECT_OPERATOR)' in D:\xampp\htdocs\absence\app\Http\Controllers\admin\peserta.php:19
Stack trace:
#0 {main}  
[2015-10-27 15:27:13] local.ERROR: exception 'Illuminate\Session\TokenMismatchException' in D:\xampp\htdocs\absence\vendor\laravel\framework\src\Illuminate\Foundation\Http\Middleware\VerifyCsrfToken.php:53
Stack trace:
#0 [internal function]: Illuminate\Foundation\Http\Middleware\VerifyCsrfToken->handle(Object(Illuminate\Http\Request), Object(Closure))
#1 D:\xampp\htdocs\absence\vendor\laravel\framework\src\Illuminate\Pipeline\Pipeline.php(124): call_user_func_array(Array, Array)
#2 D:\xampp\htdocs\absence\vendor\laravel\framework\src\Illuminate\View\Middleware\ShareErrorsFromSession.php(49): Illuminate\Pipeline\Pipeline->Illuminate\Pipeline\{closure}(Object(Illuminate\Http\Request))
#3 [internal function]: Illuminate\View\Middleware\ShareErrorsFromSession->handle(Object(Illuminate\Http\Request), Object(Closure))
#4 D:\xampp\htdocs\absence\vendor\laravel\framework\src\Illuminate\Pipeline\Pipeline.php(124): call_user_func_array(Array, Array)
#5 D:\xampp\htdocs\absence\vendor\laravel\framework\src\Illuminate\Session\Middleware\StartSession.php(62): Illuminate\Pipeline\Pipeline->Illuminate\Pipeline\{closure}(Object(Illuminate\Http\Request))
#6 [internal function]: Illuminate\Session\Middleware\StartSession->handle(Object(Illuminate\Http\Request), Object(Closure))
#7 D:\xampp\htdocs\absence\vendor\laravel\framework\src\Illuminate\Pipeline\Pipeline.php(124): call_user_func_array(Array, Array)
#8 D:\xampp\htdocs\absence\vendor\laravel\framework\src\Illuminate\Cookie\Middleware\AddQueuedCookiesToResponse.php(37): Illuminate\Pipeline\Pipeline->Illuminate\Pipeline\{closure}(Object(Illuminate\Http\Request))
#9 [internal function]: Illuminate\Cookie\Middleware\AddQueuedCookiesToResponse->handle(Object(Illuminate\Http\Request), Object(Closure))
#10 D:\xampp\htdocs\absence\vendor\laravel\framework\src\Illuminate\Pipeline\Pipeline.php(124): call_user_func_array(Array, Array)
#11 D:\xampp\htdocs\absence\vendor\laravel\framework\src\Illuminate\Cookie\Middleware\EncryptCookies.php(59): Illuminate\Pipeline\Pipeline->Illuminate\Pipeline\{closure}(Object(Illuminate\Http\Request))
#12 [internal function]: Illuminate\Cookie\Middleware\EncryptCookies->handle(Object(Illuminate\Http\Request), Object(Closure))
#13 D:\xampp\htdocs\absence\vendor\laravel\framework\src\Illuminate\Pipeline\Pipeline.php(124): call_user_func_array(Array, Array)
#14 D:\xampp\htdocs\absence\vendor\laravel\framework\src\Illuminate\Foundation\Http\Middleware\CheckForMaintenanceMode.php(42): Illuminate\Pipeline\Pipeline->Illuminate\Pipeline\{closure}(Object(Illuminate\Http\Request))
#15 [internal function]: Illuminate\Foundation\Http\Middleware\CheckForMaintenanceMode->handle(Object(Illuminate\Http\Request), Object(Closure))
#16 D:\xampp\htdocs\absence\vendor\laravel\framework\src\Illuminate\Pipeline\Pipeline.php(124): call_user_func_array(Array, Array)
#17 [internal function]: Illuminate\Pipeline\Pipeline->Illuminate\Pipeline\{closure}(Object(Illuminate\Http\Request))
#18 D:\xampp\htdocs\absence\vendor\laravel\framework\src\Illuminate\Pipeline\Pipeline.php(103): call_user_func(Object(Closure), Object(Illuminate\Http\Request))
#19 D:\xampp\htdocs\absence\vendor\laravel\framework\src\Illuminate\Foundation\Http\Kernel.php(122): Illuminate\Pipeline\Pipeline->then(Object(Closure))
#20 D:\xampp\htdocs\absence\vendor\laravel\framework\src\Illuminate\Foundation\Http\Kernel.php(87): Illuminate\Foundation\Http\Kernel->sendRequestThroughRouter(Object(Illuminate\Http\Request))
#21 D:\xampp\htdocs\absence\public\index.php(54): Illuminate\Foundation\Http\Kernel->handle(Object(Illuminate\Http\Request))
#22 {main}  
[2015-10-27 15:47:18] local.ERROR: exception 'Illuminate\Session\TokenMismatchException' in D:\xampp\htdocs\absence\vendor\laravel\framework\src\Illuminate\Foundation\Http\Middleware\VerifyCsrfToken.php:53
Stack trace:
#0 [internal function]: Illuminate\Foundation\Http\Middleware\VerifyCsrfToken->handle(Object(Illuminate\Http\Request), Object(Closure))
#1 D:\xampp\htdocs\absence\vendor\laravel\framework\src\Illuminate\Pipeline\Pipeline.php(124): call_user_func_array(Array, Array)
#2 D:\xampp\htdocs\absence\vendor\laravel\framework\src\Illuminate\View\Middleware\ShareErrorsFromSession.php(49): Illuminate\Pipeline\Pipeline->Illuminate\Pipeline\{closure}(Object(Illuminate\Http\Request))
#3 [internal function]: Illuminate\View\Middleware\ShareErrorsFromSession->handle(Object(Illuminate\Http\Request), Object(Closure))
#4 D:\xampp\htdocs\absence\vendor\laravel\framework\src\Illuminate\Pipeline\Pipeline.php(124): call_user_func_array(Array, Array)
#5 D:\xampp\htdocs\absence\vendor\laravel\framework\src\Illuminate\Session\Middleware\StartSession.php(62): Illuminate\Pipeline\Pipeline->Illuminate\Pipeline\{closure}(Object(Illuminate\Http\Request))
#6 [internal function]: Illuminate\Session\Middleware\StartSession->handle(Object(Illuminate\Http\Request), Object(Closure))
#7 D:\xampp\htdocs\absence\vendor\laravel\framework\src\Illuminate\Pipeline\Pipeline.php(124): call_user_func_array(Array, Array)
#8 D:\xampp\htdocs\absence\vendor\laravel\framework\src\Illuminate\Cookie\Middleware\AddQueuedCookiesToResponse.php(37): Illuminate\Pipeline\Pipeline->Illuminate\Pipeline\{closure}(Object(Illuminate\Http\Request))
#9 [internal function]: Illuminate\Cookie\Middleware\AddQueuedCookiesToResponse->handle(Object(Illuminate\Http\Request), Object(Closure))
#10 D:\xampp\htdocs\absence\vendor\laravel\framework\src\Illuminate\Pipeline\Pipeline.php(124): call_user_func_array(Array, Array)
#11 D:\xampp\htdocs\absence\vendor\laravel\framework\src\Illuminate\Cookie\Middleware\EncryptCookies.php(59): Illuminate\Pipeline\Pipeline->Illuminate\Pipeline\{closure}(Object(Illuminate\Http\Request))
#12 [internal function]: Illuminate\Cookie\Middleware\EncryptCookies->handle(Object(Illuminate\Http\Request), Object(Closure))
#13 D:\xampp\htdocs\absence\vendor\laravel\framework\src\Illuminate\Pipeline\Pipeline.php(124): call_user_func_array(Array, Array)
#14 D:\xampp\htdocs\absence\vendor\laravel\framework\src\Illuminate\Foundation\Http\Middleware\CheckForMaintenanceMode.php(42): Illuminate\Pipeline\Pipeline->Illuminate\Pipeline\{closure}(Object(Illuminate\Http\Request))
#15 [internal function]: Illuminate\Foundation\Http\Middleware\CheckForMaintenanceMode->handle(Object(Illuminate\Http\Request), Object(Closure))
#16 D:\xampp\htdocs\absence\vendor\laravel\framework\src\Illuminate\Pipeline\Pipeline.php(124): call_user_func_array(Array, Array)
#17 [internal function]: Illuminate\Pipeline\Pipeline->Illuminate\Pipeline\{closure}(Object(Illuminate\Http\Request))
#18 D:\xampp\htdocs\absence\vendor\laravel\framework\src\Illuminate\Pipeline\Pipeline.php(103): call_user_func(Object(Closure), Object(Illuminate\Http\Request))
#19 D:\xampp\htdocs\absence\vendor\laravel\framework\src\Illuminate\Foundation\Http\Kernel.php(122): Illuminate\Pipeline\Pipeline->then(Object(Closure))
#20 D:\xampp\htdocs\absence\vendor\laravel\framework\src\Illuminate\Foundation\Http\Kernel.php(87): Illuminate\Foundation\Http\Kernel->sendRequestThroughRouter(Object(Illuminate\Http\Request))
#21 D:\xampp\htdocs\absence\public\index.php(54): Illuminate\Foundation\Http\Kernel->handle(Object(Illuminate\Http\Request))
#22 {main}  
[2015-10-27 15:48:22] local.ERROR: exception 'Symfony\Component\Debug\Exception\FatalErrorException' with message 'syntax error, unexpected 'echo' (T_ECHO)' in D:\xampp\htdocs\absence\app\Http\Controllers\admin\peserta.php:52
Stack trace:
#0 {main}  
[2015-10-27 15:48:43] local.ERROR: exception 'Illuminate\Session\TokenMismatchException' in D:\xampp\htdocs\absence\vendor\laravel\framework\src\Illuminate\Foundation\Http\Middleware\VerifyCsrfToken.php:53
Stack trace:
#0 [internal function]: Illuminate\Foundation\Http\Middleware\VerifyCsrfToken->handle(Object(Illuminate\Http\Request), Object(Closure))
#1 D:\xampp\htdocs\absence\vendor\laravel\framework\src\Illuminate\Pipeline\Pipeline.php(124): call_user_func_array(Array, Array)
#2 D:\xampp\htdocs\absence\vendor\laravel\framework\src\Illuminate\View\Middleware\ShareErrorsFromSession.php(49): Illuminate\Pipeline\Pipeline->Illuminate\Pipeline\{closure}(Object(Illuminate\Http\Request))
#3 [internal function]: Illuminate\View\Middleware\ShareErrorsFromSession->handle(Object(Illuminate\Http\Request), Object(Closure))
#4 D:\xampp\htdocs\absence\vendor\laravel\framework\src\Illuminate\Pipeline\Pipeline.php(124): call_user_func_array(Array, Array)
#5 D:\xampp\htdocs\absence\vendor\laravel\framework\src\Illuminate\Session\Middleware\StartSession.php(62): Illuminate\Pipeline\Pipeline->Illuminate\Pipeline\{closure}(Object(Illuminate\Http\Request))
#6 [internal function]: Illuminate\Session\Middleware\StartSession->handle(Object(Illuminate\Http\Request), Object(Closure))
#7 D:\xampp\htdocs\absence\vendor\laravel\framework\src\Illuminate\Pipeline\Pipeline.php(124): call_user_func_array(Array, Array)
#8 D:\xampp\htdocs\absence\vendor\laravel\framework\src\Illuminate\Cookie\Middleware\AddQueuedCookiesToResponse.php(37): Illuminate\Pipeline\Pipeline->Illuminate\Pipeline\{closure}(Object(Illuminate\Http\Request))
#9 [internal function]: Illuminate\Cookie\Middleware\AddQueuedCookiesToResponse->handle(Object(Illuminate\Http\Request), Object(Closure))
#10 D:\xampp\htdocs\absence\vendor\laravel\framework\src\Illuminate\Pipeline\Pipeline.php(124): call_user_func_array(Array, Array)
#11 D:\xampp\htdocs\absence\vendor\laravel\framework\src\Illuminate\Cookie\Middleware\EncryptCookies.php(59): Illuminate\Pipeline\Pipeline->Illuminate\Pipeline\{closure}(Object(Illuminate\Http\Request))
#12 [internal function]: Illuminate\Cookie\Middleware\EncryptCookies->handle(Object(Illuminate\Http\Request), Object(Closure))
#13 D:\xampp\htdocs\absence\vendor\laravel\framework\src\Illuminate\Pipeline\Pipeline.php(124): call_user_func_array(Array, Array)
#14 D:\xampp\htdocs\absence\vendor\laravel\framework\src\Illuminate\Foundation\Http\Middleware\CheckForMaintenanceMode.php(42): Illuminate\Pipeline\Pipeline->Illuminate\Pipeline\{closure}(Object(Illuminate\Http\Request))
#15 [internal function]: Illuminate\Foundation\Http\Middleware\CheckForMaintenanceMode->handle(Object(Illuminate\Http\Request), Object(Closure))
#16 D:\xampp\htdocs\absence\vendor\laravel\framework\src\Illuminate\Pipeline\Pipeline.php(124): call_user_func_array(Array, Array)
#17 [internal function]: Illuminate\Pipeline\Pipeline->Illuminate\Pipeline\{closure}(Object(Illuminate\Http\Request))
#18 D:\xampp\htdocs\absence\vendor\laravel\framework\src\Illuminate\Pipeline\Pipeline.php(103): call_user_func(Object(Closure), Object(Illuminate\Http\Request))
#19 D:\xampp\htdocs\absence\vendor\laravel\framework\src\Illuminate\Foundation\Http\Kernel.php(122): Illuminate\Pipeline\Pipeline->then(Object(Closure))
#20 D:\xampp\htdocs\absence\vendor\laravel\framework\src\Illuminate\Foundation\Http\Kernel.php(87): Illuminate\Foundation\Http\Kernel->sendRequestThroughRouter(Object(Illuminate\Http\Request))
#21 D:\xampp\htdocs\absence\public\index.php(54): Illuminate\Foundation\Http\Kernel->handle(Object(Illuminate\Http\Request))
#22 {main}  
[2015-10-27 15:48:48] local.ERROR: exception 'Illuminate\Session\TokenMismatchException' in D:\xampp\htdocs\absence\vendor\laravel\framework\src\Illuminate\Foundation\Http\Middleware\VerifyCsrfToken.php:53
Stack trace:
#0 [internal function]: Illuminate\Foundation\Http\Middleware\VerifyCsrfToken->handle(Object(Illuminate\Http\Request), Object(Closure))
#1 D:\xampp\htdocs\absence\vendor\laravel\framework\src\Illuminate\Pipeline\Pipeline.php(124): call_user_func_array(Array, Array)
#2 D:\xampp\htdocs\absence\vendor\laravel\framework\src\Illuminate\View\Middleware\ShareErrorsFromSession.php(49): Illuminate\Pipeline\Pipeline->Illuminate\Pipeline\{closure}(Object(Illuminate\Http\Request))
#3 [internal function]: Illuminate\View\Middleware\ShareErrorsFromSession->handle(Object(Illuminate\Http\Request), Object(Closure))
#4 D:\xampp\htdocs\absence\vendor\laravel\framework\src\Illuminate\Pipeline\Pipeline.php(124): call_user_func_array(Array, Array)
#5 D:\xampp\htdocs\absence\vendor\laravel\framework\src\Illuminate\Session\Middleware\StartSession.php(62): Illuminate\Pipeline\Pipeline->Illuminate\Pipeline\{closure}(Object(Illuminate\Http\Request))
#6 [internal function]: Illuminate\Session\Middleware\StartSession->handle(Object(Illuminate\Http\Request), Object(Closure))
#7 D:\xampp\htdocs\absence\vendor\laravel\framework\src\Illuminate\Pipeline\Pipeline.php(124): call_user_func_array(Array, Array)
#8 D:\xampp\htdocs\absence\vendor\laravel\framework\src\Illuminate\Cookie\Middleware\AddQueuedCookiesToResponse.php(37): Illuminate\Pipeline\Pipeline->Illuminate\Pipeline\{closure}(Object(Illuminate\Http\Request))
#9 [internal function]: Illuminate\Cookie\Middleware\AddQueuedCookiesToResponse->handle(Object(Illuminate\Http\Request), Object(Closure))
#10 D:\xampp\htdocs\absence\vendor\laravel\framework\src\Illuminate\Pipeline\Pipeline.php(124): call_user_func_array(Array, Array)
#11 D:\xampp\htdocs\absence\vendor\laravel\framework\src\Illuminate\Cookie\Middleware\EncryptCookies.php(59): Illuminate\Pipeline\Pipeline->Illuminate\Pipeline\{closure}(Object(Illuminate\Http\Request))
#12 [internal function]: Illuminate\Cookie\Middleware\EncryptCookies->handle(Object(Illuminate\Http\Request), Object(Closure))
#13 D:\xampp\htdocs\absence\vendor\laravel\framework\src\Illuminate\Pipeline\Pipeline.php(124): call_user_func_array(Array, Array)
#14 D:\xampp\htdocs\absence\vendor\laravel\framework\src\Illuminate\Foundation\Http\Middleware\CheckForMaintenanceMode.php(42): Illuminate\Pipeline\Pipeline->Illuminate\Pipeline\{closure}(Object(Illuminate\Http\Request))
#15 [internal function]: Illuminate\Foundation\Http\Middleware\CheckForMaintenanceMode->handle(Object(Illuminate\Http\Request), Object(Closure))
#16 D:\xampp\htdocs\absence\vendor\laravel\framework\src\Illuminate\Pipeline\Pipeline.php(124): call_user_func_array(Array, Array)
#17 [internal function]: Illuminate\Pipeline\Pipeline->Illuminate\Pipeline\{closure}(Object(Illuminate\Http\Request))
#18 D:\xampp\htdocs\absence\vendor\laravel\framework\src\Illuminate\Pipeline\Pipeline.php(103): call_user_func(Object(Closure), Object(Illuminate\Http\Request))
#19 D:\xampp\htdocs\absence\vendor\laravel\framework\src\Illuminate\Foundation\Http\Kernel.php(122): Illuminate\Pipeline\Pipeline->then(Object(Closure))
#20 D:\xampp\htdocs\absence\vendor\laravel\framework\src\Illuminate\Foundation\Http\Kernel.php(87): Illuminate\Foundation\Http\Kernel->sendRequestThroughRouter(Object(Illuminate\Http\Request))
#21 D:\xampp\htdocs\absence\public\index.php(54): Illuminate\Foundation\Http\Kernel->handle(Object(Illuminate\Http\Request))
#22 {main}  
[2015-10-27 15:49:14] local.ERROR: exception 'Illuminate\Session\TokenMismatchException' in D:\xampp\htdocs\absence\vendor\laravel\framework\src\Illuminate\Foundation\Http\Middleware\VerifyCsrfToken.php:53
Stack trace:
#0 [internal function]: Illuminate\Foundation\Http\Middleware\VerifyCsrfToken->handle(Object(Illuminate\Http\Request), Object(Closure))
#1 D:\xampp\htdocs\absence\vendor\laravel\framework\src\Illuminate\Pipeline\Pipeline.php(124): call_user_func_array(Array, Array)
#2 D:\xampp\htdocs\absence\vendor\laravel\framework\src\Illuminate\View\Middleware\ShareErrorsFromSession.php(49): Illuminate\Pipeline\Pipeline->Illuminate\Pipeline\{closure}(Object(Illuminate\Http\Request))
#3 [internal function]: Illuminate\View\Middleware\ShareErrorsFromSession->handle(Object(Illuminate\Http\Request), Object(Closure))
#4 D:\xampp\htdocs\absence\vendor\laravel\framework\src\Illuminate\Pipeline\Pipeline.php(124): call_user_func_array(Array, Array)
#5 D:\xampp\htdocs\absence\vendor\laravel\framework\src\Illuminate\Session\Middleware\StartSession.php(62): Illuminate\Pipeline\Pipeline->Illuminate\Pipeline\{closure}(Object(Illuminate\Http\Request))
#6 [internal function]: Illuminate\Session\Middleware\StartSession->handle(Object(Illuminate\Http\Request), Object(Closure))
#7 D:\xampp\htdocs\absence\vendor\laravel\framework\src\Illuminate\Pipeline\Pipeline.php(124): call_user_func_array(Array, Array)
#8 D:\xampp\htdocs\absence\vendor\laravel\framework\src\Illuminate\Cookie\Middleware\AddQueuedCookiesToResponse.php(37): Illuminate\Pipeline\Pipeline->Illuminate\Pipeline\{closure}(Object(Illuminate\Http\Request))
#9 [internal function]: Illuminate\Cookie\Middleware\AddQueuedCookiesToResponse->handle(Object(Illuminate\Http\Request), Object(Closure))
#10 D:\xampp\htdocs\absence\vendor\laravel\framework\src\Illuminate\Pipeline\Pipeline.php(124): call_user_func_array(Array, Array)
#11 D:\xampp\htdocs\absence\vendor\laravel\framework\src\Illuminate\Cookie\Middleware\EncryptCookies.php(59): Illuminate\Pipeline\Pipeline->Illuminate\Pipeline\{closure}(Object(Illuminate\Http\Request))
#12 [internal function]: Illuminate\Cookie\Middleware\EncryptCookies->handle(Object(Illuminate\Http\Request), Object(Closure))
#13 D:\xampp\htdocs\absence\vendor\laravel\framework\src\Illuminate\Pipeline\Pipeline.php(124): call_user_func_array(Array, Array)
#14 D:\xampp\htdocs\absence\vendor\laravel\framework\src\Illuminate\Foundation\Http\Middleware\CheckForMaintenanceMode.php(42): Illuminate\Pipeline\Pipeline->Illuminate\Pipeline\{closure}(Object(Illuminate\Http\Request))
#15 [internal function]: Illuminate\Foundation\Http\Middleware\CheckForMaintenanceMode->handle(Object(Illuminate\Http\Request), Object(Closure))
#16 D:\xampp\htdocs\absence\vendor\laravel\framework\src\Illuminate\Pipeline\Pipeline.php(124): call_user_func_array(Array, Array)
#17 [internal function]: Illuminate\Pipeline\Pipeline->Illuminate\Pipeline\{closure}(Object(Illuminate\Http\Request))
#18 D:\xampp\htdocs\absence\vendor\laravel\framework\src\Illuminate\Pipeline\Pipeline.php(103): call_user_func(Object(Closure), Object(Illuminate\Http\Request))
#19 D:\xampp\htdocs\absence\vendor\laravel\framework\src\Illuminate\Foundation\Http\Kernel.php(122): Illuminate\Pipeline\Pipeline->then(Object(Closure))
#20 D:\xampp\htdocs\absence\vendor\laravel\framework\src\Illuminate\Foundation\Http\Kernel.php(87): Illuminate\Foundation\Http\Kernel->sendRequestThroughRouter(Object(Illuminate\Http\Request))
#21 D:\xampp\htdocs\absence\public\index.php(54): Illuminate\Foundation\Http\Kernel->handle(Object(Illuminate\Http\Request))
#22 {main}  
[2015-10-27 15:49:25] local.ERROR: exception 'Illuminate\Session\TokenMismatchException' in D:\xampp\htdocs\absence\vendor\laravel\framework\src\Illuminate\Foundation\Http\Middleware\VerifyCsrfToken.php:53
Stack trace:
#0 [internal function]: Illuminate\Foundation\Http\Middleware\VerifyCsrfToken->handle(Object(Illuminate\Http\Request), Object(Closure))
#1 D:\xampp\htdocs\absence\vendor\laravel\framework\src\Illuminate\Pipeline\Pipeline.php(124): call_user_func_array(Array, Array)
#2 D:\xampp\htdocs\absence\vendor\laravel\framework\src\Illuminate\View\Middleware\ShareErrorsFromSession.php(49): Illuminate\Pipeline\Pipeline->Illuminate\Pipeline\{closure}(Object(Illuminate\Http\Request))
#3 [internal function]: Illuminate\View\Middleware\ShareErrorsFromSession->handle(Object(Illuminate\Http\Request), Object(Closure))
#4 D:\xampp\htdocs\absence\vendor\laravel\framework\src\Illuminate\Pipeline\Pipeline.php(124): call_user_func_array(Array, Array)
#5 D:\xampp\htdocs\absence\vendor\laravel\framework\src\Illuminate\Session\Middleware\StartSession.php(62): Illuminate\Pipeline\Pipeline->Illuminate\Pipeline\{closure}(Object(Illuminate\Http\Request))
#6 [internal function]: Illuminate\Session\Middleware\StartSession->handle(Object(Illuminate\Http\Request), Object(Closure))
#7 D:\xampp\htdocs\absence\vendor\laravel\framework\src\Illuminate\Pipeline\Pipeline.php(124): call_user_func_array(Array, Array)
#8 D:\xampp\htdocs\absence\vendor\laravel\framework\src\Illuminate\Cookie\Middleware\AddQueuedCookiesToResponse.php(37): Illuminate\Pipeline\Pipeline->Illuminate\Pipeline\{closure}(Object(Illuminate\Http\Request))
#9 [internal function]: Illuminate\Cookie\Middleware\AddQueuedCookiesToResponse->handle(Object(Illuminate\Http\Request), Object(Closure))
#10 D:\xampp\htdocs\absence\vendor\laravel\framework\src\Illuminate\Pipeline\Pipeline.php(124): call_user_func_array(Array, Array)
#11 D:\xampp\htdocs\absence\vendor\laravel\framework\src\Illuminate\Cookie\Middleware\EncryptCookies.php(59): Illuminate\Pipeline\Pipeline->Illuminate\Pipeline\{closure}(Object(Illuminate\Http\Request))
#12 [internal function]: Illuminate\Cookie\Middleware\EncryptCookies->handle(Object(Illuminate\Http\Request), Object(Closure))
#13 D:\xampp\htdocs\absence\vendor\laravel\framework\src\Illuminate\Pipeline\Pipeline.php(124): call_user_func_array(Array, Array)
#14 D:\xampp\htdocs\absence\vendor\laravel\framework\src\Illuminate\Foundation\Http\Middleware\CheckForMaintenanceMode.php(42): Illuminate\Pipeline\Pipeline->Illuminate\Pipeline\{closure}(Object(Illuminate\Http\Request))
#15 [internal function]: Illuminate\Foundation\Http\Middleware\CheckForMaintenanceMode->handle(Object(Illuminate\Http\Request), Object(Closure))
#16 D:\xampp\htdocs\absence\vendor\laravel\framework\src\Illuminate\Pipeline\Pipeline.php(124): call_user_func_array(Array, Array)
#17 [internal function]: Illuminate\Pipeline\Pipeline->Illuminate\Pipeline\{closure}(Object(Illuminate\Http\Request))
#18 D:\xampp\htdocs\absence\vendor\laravel\framework\src\Illuminate\Pipeline\Pipeline.php(103): call_user_func(Object(Closure), Object(Illuminate\Http\Request))
#19 D:\xampp\htdocs\absence\vendor\laravel\framework\src\Illuminate\Foundation\Http\Kernel.php(122): Illuminate\Pipeline\Pipeline->then(Object(Closure))
#20 D:\xampp\htdocs\absence\vendor\laravel\framework\src\Illuminate\Foundation\Http\Kernel.php(87): Illuminate\Foundation\Http\Kernel->sendRequestThroughRouter(Object(Illuminate\Http\Request))
#21 D:\xampp\htdocs\absence\public\index.php(54): Illuminate\Foundation\Http\Kernel->handle(Object(Illuminate\Http\Request))
#22 {main}  
